<?xml version="1.0" encoding="UTF-8"?>
<robot generator="Robot 7.2.2 (Python 3.13.3 on darwin)" generated="2025-05-20T21:54:20.708916" rpa="false" schemaversion="5">
<suite id="s1" name="RemoveTest" source="/Users/sevvelkaranpalanivetrivel/Desktop/Expleo_Training /POMRobot/TestCases/RemoveTest.robot">
<test id="s1-t1" name="Validate Remove With Standard User on HomePage" line="14">
<kw name="Open the Browser with URL" owner="GenericResource" type="SETUP">
<kw name="Open Browser" owner="SeleniumLibrary">
<msg time="2025-05-20T21:54:21.384527" level="INFO">Opening browser 'firefox' to base url 'https://www.saucedemo.com'.</msg>
<arg>https://www.saucedemo.com</arg>
<arg>firefox</arg>
<doc>Opens a new browser instance to the optional ``url``.</doc>
<status status="PASS" start="2025-05-20T21:54:21.384246" elapsed="5.701602"/>
</kw>
<kw name="Maximize Browser Window" owner="SeleniumLibrary">
<doc>Maximizes current browser window.</doc>
<status status="PASS" start="2025-05-20T21:54:27.086726" elapsed="0.489971"/>
</kw>
<kw name="Set Selenium Implicit Wait" owner="SeleniumLibrary">
<arg>5s</arg>
<doc>Sets the implicit wait value used by Selenium.</doc>
<status status="PASS" start="2025-05-20T21:54:27.577170" elapsed="0.002797"/>
</kw>
<status status="PASS" start="2025-05-20T21:54:21.383385" elapsed="6.196772"/>
</kw>
<kw name="Set Variable" owner="BuiltIn">
<msg time="2025-05-20T21:54:27.581012" level="INFO">${username} = standard_user</msg>
<var>${username}</var>
<arg>standard_user</arg>
<doc>Returns the given values which can then be assigned to a variables.</doc>
<status status="PASS" start="2025-05-20T21:54:27.580591" elapsed="0.000505"/>
</kw>
<kw name="Set Variable" owner="BuiltIn">
<msg time="2025-05-20T21:54:27.582319" level="INFO">${password} = secret_sauce</msg>
<var>${password}</var>
<arg>secret_sauce</arg>
<doc>Returns the given values which can then be assigned to a variables.</doc>
<status status="PASS" start="2025-05-20T21:54:27.581767" elapsed="0.000689"/>
</kw>
<kw name="Fill the Login form" owner="LoginResource">
<kw name="Input Text" owner="SeleniumLibrary">
<msg time="2025-05-20T21:54:27.584363" level="INFO">Typing text 'standard_user' into text field 'xpath://input[@placeholder="Username"]'.</msg>
<arg>xpath://input[@placeholder="Username"]</arg>
<arg>${username}</arg>
<doc>Types the given ``text`` into the text field identified by ``locator``.</doc>
<status status="PASS" start="2025-05-20T21:54:27.583756" elapsed="0.164374"/>
</kw>
<kw name="Input Text" owner="SeleniumLibrary">
<msg time="2025-05-20T21:54:27.748626" level="INFO">Typing text 'secret_sauce' into text field 'xpath://input[@placeholder="Password"]'.</msg>
<arg>xpath://input[@placeholder="Password"]</arg>
<arg>${password}</arg>
<doc>Types the given ``text`` into the text field identified by ``locator``.</doc>
<status status="PASS" start="2025-05-20T21:54:27.748340" elapsed="0.039429"/>
</kw>
<kw name="Click Element" owner="SeleniumLibrary">
<msg time="2025-05-20T21:54:27.788289" level="INFO">Clicking element 'xpath://input[@value="Login"]'.</msg>
<arg>xpath://input[@value="Login"]</arg>
<doc>Click the element identified by ``locator``.</doc>
<status status="PASS" start="2025-05-20T21:54:27.788032" elapsed="0.339484"/>
</kw>
<arg>${username}</arg>
<arg>${password}</arg>
<status status="PASS" start="2025-05-20T21:54:27.583061" elapsed="0.544764"/>
</kw>
<kw name="Click on the Add to cart on the Homepage" owner="RemoveResource">
<kw name="Click Element" owner="SeleniumLibrary">
<msg time="2025-05-20T21:54:28.129719" level="INFO">Clicking element '//button[@name="add-to-cart-sauce-labs-backpack"]'.</msg>
<arg>${Add_Homepage}</arg>
<doc>Click the element identified by ``locator``.</doc>
<status status="PASS" start="2025-05-20T21:54:28.129245" elapsed="0.225527"/>
</kw>
<status status="PASS" start="2025-05-20T21:54:28.128572" elapsed="0.226462"/>
</kw>
<kw name="Verify the Remove is diplayed on the Homepage and Click on it" owner="RemoveResource">
<kw name="Get Text" owner="SeleniumLibrary">
<msg time="2025-05-20T21:54:28.374949" level="INFO">${text} = Remove</msg>
<var>${text}</var>
<arg>${Remove_Homepage}</arg>
<doc>Returns the text value of the element identified by ``locator``.</doc>
<status status="PASS" start="2025-05-20T21:54:28.356518" elapsed="0.018488"/>
</kw>
<kw name="Should Be Equal As Strings" owner="BuiltIn">
<arg>${text}</arg>
<arg>Remove</arg>
<doc>Fails if objects are unequal after converting them to strings.</doc>
<status status="PASS" start="2025-05-20T21:54:28.375210" elapsed="0.000380"/>
</kw>
<kw name="Click Element" owner="SeleniumLibrary">
<msg time="2025-05-20T21:54:28.376110" level="INFO">Clicking element '//button[text()="Remove"]'.</msg>
<arg>${Remove_Homepage}</arg>
<doc>Click the element identified by ``locator``.</doc>
<status status="PASS" start="2025-05-20T21:54:28.375839" elapsed="0.218016"/>
</kw>
<status status="PASS" start="2025-05-20T21:54:28.355814" elapsed="0.238305"/>
</kw>
<kw name="Verify the Remove is clicked on the Homepage" owner="RemoveResource">
<kw name="Get Text" owner="SeleniumLibrary">
<msg time="2025-05-20T21:54:28.612568" level="INFO">${text} = Add to cart</msg>
<var>${text}</var>
<arg>${Add_Homepage}</arg>
<doc>Returns the text value of the element identified by ``locator``.</doc>
<status status="PASS" start="2025-05-20T21:54:28.595758" elapsed="0.016893"/>
</kw>
<kw name="Should Be Equal As Strings" owner="BuiltIn">
<arg>${text}</arg>
<arg>Add to cart</arg>
<doc>Fails if objects are unequal after converting them to strings.</doc>
<status status="PASS" start="2025-05-20T21:54:28.612869" elapsed="0.000323"/>
</kw>
<status status="PASS" start="2025-05-20T21:54:28.594988" elapsed="0.018384"/>
</kw>
<kw name="Close Browser" owner="SeleniumLibrary" type="TEARDOWN">
<doc>Closes the current browser.</doc>
<status status="PASS" start="2025-05-20T21:54:28.613742" elapsed="0.992353"/>
</kw>
<status status="PASS" start="2025-05-20T21:54:21.382381" elapsed="8.223952"/>
</test>
<test id="s1-t2" name="Validate Remove With Standard User on Add to Cart page" line="22">
<kw name="Open the Browser with URL" owner="GenericResource" type="SETUP">
<kw name="Open Browser" owner="SeleniumLibrary">
<msg time="2025-05-20T21:54:29.608069" level="INFO">Opening browser 'firefox' to base url 'https://www.saucedemo.com'.</msg>
<arg>https://www.saucedemo.com</arg>
<arg>firefox</arg>
<doc>Opens a new browser instance to the optional ``url``.</doc>
<status status="PASS" start="2025-05-20T21:54:29.607849" elapsed="5.423785"/>
</kw>
<kw name="Maximize Browser Window" owner="SeleniumLibrary">
<doc>Maximizes current browser window.</doc>
<status status="PASS" start="2025-05-20T21:54:35.032257" elapsed="0.545345"/>
</kw>
<kw name="Set Selenium Implicit Wait" owner="SeleniumLibrary">
<arg>5s</arg>
<doc>Sets the implicit wait value used by Selenium.</doc>
<status status="PASS" start="2025-05-20T21:54:35.577891" elapsed="0.003517"/>
</kw>
<status status="PASS" start="2025-05-20T21:54:29.607476" elapsed="5.974112"/>
</kw>
<kw name="Fill the Login form" owner="LoginResource">
<kw name="Input Text" owner="SeleniumLibrary">
<msg time="2025-05-20T21:54:35.582954" level="INFO">Typing text 'standard_user' into text field 'xpath://input[@placeholder="Username"]'.</msg>
<arg>xpath://input[@placeholder="Username"]</arg>
<arg>${username}</arg>
<doc>Types the given ``text`` into the text field identified by ``locator``.</doc>
<status status="PASS" start="2025-05-20T21:54:35.582658" elapsed="0.113495"/>
</kw>
<kw name="Input Text" owner="SeleniumLibrary">
<msg time="2025-05-20T21:54:35.696646" level="INFO">Typing text 'secret_sauce' into text field 'xpath://input[@placeholder="Password"]'.</msg>
<arg>xpath://input[@placeholder="Password"]</arg>
<arg>${password}</arg>
<doc>Types the given ``text`` into the text field identified by ``locator``.</doc>
<status status="PASS" start="2025-05-20T21:54:35.696381" elapsed="0.074647"/>
</kw>
<kw name="Click Element" owner="SeleniumLibrary">
<msg time="2025-05-20T21:54:35.771518" level="INFO">Clicking element 'xpath://input[@value="Login"]'.</msg>
<arg>xpath://input[@value="Login"]</arg>
<doc>Click the element identified by ``locator``.</doc>
<status status="PASS" start="2025-05-20T21:54:35.771275" elapsed="0.341271"/>
</kw>
<arg>${username}</arg>
<arg>${password}</arg>
<status status="PASS" start="2025-05-20T21:54:35.582131" elapsed="0.531162"/>
</kw>
<kw name="Verify the Remove is clicked on Add to cart page" owner="RemoveResource">
<kw name="Click Element" owner="SeleniumLibrary">
<msg time="2025-05-20T21:54:36.116002" level="INFO">Clicking element '//button[@name="add-to-cart-sauce-labs-backpack"]'.</msg>
<arg>${Add_Homepage}</arg>
<doc>Click the element identified by ``locator``.</doc>
<status status="PASS" start="2025-05-20T21:54:36.115382" elapsed="0.247815"/>
</kw>
<kw name="Click Element" owner="SeleniumLibrary">
<msg time="2025-05-20T21:54:36.364100" level="INFO">Clicking element '//a[@class='shopping_cart_link']'.</msg>
<arg>${Add_Cart_Page}</arg>
<doc>Click the element identified by ``locator``.</doc>
<status status="PASS" start="2025-05-20T21:54:36.363602" elapsed="0.237249"/>
</kw>
<kw name="Get Text" owner="SeleniumLibrary">
<msg time="2025-05-20T21:54:36.615491" level="INFO">${text} = Remove</msg>
<var>${text}</var>
<arg>${Remove_Homepage}</arg>
<doc>Returns the text value of the element identified by ``locator``.</doc>
<status status="PASS" start="2025-05-20T21:54:36.601092" elapsed="0.014473"/>
</kw>
<kw name="Should Be Equal As Strings" owner="BuiltIn">
<arg>${text}</arg>
<arg>Remove</arg>
<doc>Fails if objects are unequal after converting them to strings.</doc>
<status status="PASS" start="2025-05-20T21:54:36.615817" elapsed="0.000342"/>
</kw>
<kw name="Click Element" owner="SeleniumLibrary">
<msg time="2025-05-20T21:54:36.616612" level="INFO">Clicking element '//button[text()="Remove"]'.</msg>
<arg>${Remove_Homepage}</arg>
<doc>Click the element identified by ``locator``.</doc>
<status status="PASS" start="2025-05-20T21:54:36.616358" elapsed="0.219015"/>
</kw>
<status status="PASS" start="2025-05-20T21:54:36.114211" elapsed="0.721445"/>
</kw>
<kw name="Close Browser" owner="SeleniumLibrary" type="TEARDOWN">
<doc>Closes the current browser.</doc>
<status status="PASS" start="2025-05-20T21:54:36.836365" elapsed="0.951196"/>
</kw>
<status status="PASS" start="2025-05-20T21:54:29.606887" elapsed="8.180867"/>
</test>
<test id="s1-t3" name="Validate Remove With Standard User on MenuBar" line="26">
<kw name="Open the Browser with URL" owner="GenericResource" type="SETUP">
<kw name="Open Browser" owner="SeleniumLibrary">
<msg time="2025-05-20T21:54:37.789620" level="INFO">Opening browser 'firefox' to base url 'https://www.saucedemo.com'.</msg>
<arg>https://www.saucedemo.com</arg>
<arg>firefox</arg>
<doc>Opens a new browser instance to the optional ``url``.</doc>
<status status="PASS" start="2025-05-20T21:54:37.789257" elapsed="5.205541"/>
</kw>
<kw name="Maximize Browser Window" owner="SeleniumLibrary">
<doc>Maximizes current browser window.</doc>
<status status="PASS" start="2025-05-20T21:54:42.997537" elapsed="0.486637"/>
</kw>
<kw name="Set Selenium Implicit Wait" owner="SeleniumLibrary">
<arg>5s</arg>
<doc>Sets the implicit wait value used by Selenium.</doc>
<status status="PASS" start="2025-05-20T21:54:43.484410" elapsed="0.010391"/>
</kw>
<status status="PASS" start="2025-05-20T21:54:37.788882" elapsed="5.706346"/>
</kw>
<kw name="Fill the Login form" owner="LoginResource">
<kw name="Input Text" owner="SeleniumLibrary">
<msg time="2025-05-20T21:54:43.497707" level="INFO">Typing text 'standard_user' into text field 'xpath://input[@placeholder="Username"]'.</msg>
<arg>xpath://input[@placeholder="Username"]</arg>
<arg>${username}</arg>
<doc>Types the given ``text`` into the text field identified by ``locator``.</doc>
<status status="PASS" start="2025-05-20T21:54:43.497139" elapsed="0.138856"/>
</kw>
<kw name="Input Text" owner="SeleniumLibrary">
<msg time="2025-05-20T21:54:43.636494" level="INFO">Typing text 'secret_sauce' into text field 'xpath://input[@placeholder="Password"]'.</msg>
<arg>xpath://input[@placeholder="Password"]</arg>
<arg>${password}</arg>
<doc>Types the given ``text`` into the text field identified by ``locator``.</doc>
<status status="PASS" start="2025-05-20T21:54:43.636214" elapsed="0.069430"/>
</kw>
<kw name="Click Element" owner="SeleniumLibrary">
<msg time="2025-05-20T21:54:43.706337" level="INFO">Clicking element 'xpath://input[@value="Login"]'.</msg>
<arg>xpath://input[@value="Login"]</arg>
<doc>Click the element identified by ``locator``.</doc>
<status status="PASS" start="2025-05-20T21:54:43.706004" elapsed="0.356392"/>
</kw>
<arg>${username}</arg>
<arg>${password}</arg>
<status status="PASS" start="2025-05-20T21:54:43.496198" elapsed="0.566456"/>
</kw>
<kw name="Click on the Reset App State in the Menubar" owner="MenubarResource">
<kw name="Click Element" owner="SeleniumLibrary">
<msg time="2025-05-20T21:54:44.064353" level="INFO">Clicking element 'xpath://button[@name="add-to-cart-sauce-labs-backpack"]'.</msg>
<arg>xpath://button[@name="add-to-cart-sauce-labs-backpack"]</arg>
<doc>Click the element identified by ``locator``.</doc>
<status status="PASS" start="2025-05-20T21:54:44.063957" elapsed="0.230484"/>
</kw>
<kw name="Click Element" owner="SeleniumLibrary">
<msg time="2025-05-20T21:54:44.295467" level="INFO">Clicking element 'xpath://button[@id="react-burger-menu-btn"]'.</msg>
<arg>xpath://button[@id="react-burger-menu-btn"]</arg>
<doc>Click the element identified by ``locator``.</doc>
<status status="PASS" start="2025-05-20T21:54:44.294916" elapsed="0.237448"/>
</kw>
<kw name="Element Text Should Be" owner="SeleniumLibrary">
<msg time="2025-05-20T21:54:44.533279" level="INFO">Verifying element '//span[text()='1']' contains exact text '1'.</msg>
<arg>${reset}</arg>
<arg>1</arg>
<doc>Verifies that element ``locator`` contains exact the text ``expected``.</doc>
<status status="PASS" start="2025-05-20T21:54:44.532723" elapsed="0.016588"/>
</kw>
<kw name="Click Element" owner="SeleniumLibrary">
<msg time="2025-05-20T21:54:44.549832" level="INFO">Clicking element 'xpath://a[@id="reset_sidebar_link"]'.</msg>
<arg>xpath://a[@id="reset_sidebar_link"]</arg>
<doc>Click the element identified by ``locator``.</doc>
<status status="PASS" start="2025-05-20T21:54:44.549605" elapsed="0.237693"/>
</kw>
<kw name="Reload Page" owner="SeleniumLibrary">
<doc>Simulates user reloading page.</doc>
<status status="PASS" start="2025-05-20T21:54:44.787709" elapsed="0.414388"/>
</kw>
<status status="PASS" start="2025-05-20T21:54:44.063318" elapsed="1.138917"/>
</kw>
<kw name="Verify the Remove is clicked on Add to cart page" owner="RemoveResource">
<kw name="Click Element" owner="SeleniumLibrary">
<msg time="2025-05-20T21:54:45.203113" level="INFO">Clicking element '//button[@name="add-to-cart-sauce-labs-backpack"]'.</msg>
<arg>${Add_Homepage}</arg>
<doc>Click the element identified by ``locator``.</doc>
<status status="PASS" start="2025-05-20T21:54:45.202882" elapsed="0.243299"/>
</kw>
<kw name="Click Element" owner="SeleniumLibrary">
<msg time="2025-05-20T21:54:45.447945" level="INFO">Clicking element '//a[@class='shopping_cart_link']'.</msg>
<arg>${Add_Cart_Page}</arg>
<doc>Click the element identified by ``locator``.</doc>
<status status="PASS" start="2025-05-20T21:54:45.447133" elapsed="0.232080"/>
</kw>
<kw name="Get Text" owner="SeleniumLibrary">
<msg time="2025-05-20T21:54:45.697841" level="INFO">${text} = Remove</msg>
<var>${text}</var>
<arg>${Remove_Homepage}</arg>
<doc>Returns the text value of the element identified by ``locator``.</doc>
<status status="PASS" start="2025-05-20T21:54:45.679657" elapsed="0.018240"/>
</kw>
<kw name="Should Be Equal As Strings" owner="BuiltIn">
<arg>${text}</arg>
<arg>Remove</arg>
<doc>Fails if objects are unequal after converting them to strings.</doc>
<status status="PASS" start="2025-05-20T21:54:45.698100" elapsed="0.000276"/>
</kw>
<kw name="Click Element" owner="SeleniumLibrary">
<msg time="2025-05-20T21:54:45.698736" level="INFO">Clicking element '//button[text()="Remove"]'.</msg>
<arg>${Remove_Homepage}</arg>
<doc>Click the element identified by ``locator``.</doc>
<status status="PASS" start="2025-05-20T21:54:45.698531" elapsed="0.219577"/>
</kw>
<status status="PASS" start="2025-05-20T21:54:45.202550" elapsed="0.715815"/>
</kw>
<kw name="Close Browser" owner="SeleniumLibrary" type="TEARDOWN">
<doc>Closes the current browser.</doc>
<status status="PASS" start="2025-05-20T21:54:45.920690" elapsed="0.966509"/>
</kw>
<status status="PASS" start="2025-05-20T21:54:37.788336" elapsed="9.099085"/>
</test>
<doc>Remove Test Case for the Remove Functionality</doc>
<status status="PASS" start="2025-05-20T21:54:20.711339" elapsed="26.176941"/>
</suite>
<statistics>
<total>
<stat pass="3" fail="0" skip="0">All Tests</stat>
</total>
<tag>
</tag>
<suite>
<stat name="RemoveTest" id="s1" pass="3" fail="0" skip="0">RemoveTest</stat>
</suite>
</statistics>
<errors>
</errors>
</robot>
